2
8
48
384
3840
46080
645120
321890
794005
880055
361153
667648
358797
46286
388577
434428
770510
738279
54518
180714
589967
958473
89626
302036
101755
291245
727185
722240
889797
387661
34910
234234
459399
239039
732682
752948
717987
566850
214168
133389
937868
780678
138107
153380
804161
982593
363466
892634
477871
786959
269578
36028
818959
447308
203733
818030
255141
596269
359532
143711
532691
53486
739218
619622
550620
681624
337343
878513
234431
820244
474300
298996
653287
686188
927894
39465
77592
104316
481880
100569
292130
909179
923264
107887
340736
606418
516417
889122
263242
383419
782051
896955
833132
628348
385763
66274
857120
995019
13171
634194
