524504
787265
355685
203061
268930
552196
4224
31428
335620
804929
158194
669869
173001
950578
899431
773717
251917
85785
96303
842809
523973
207556
356748
677377
255773
209352
280942
531704
290008
597295
755205
821338
547450
737863
63585
950405
179564
299418
504436
808128
37490
793646
529112
668305
567838
186358
831081
619239
141386
943245
123130
141640
840371
985374
428501
27845
591646
417707
810252
761806
735310
938438
757146
125179
520189
678613
646638
216620
349874
587135
815535
349945
247455
664446
696699
430866
814770
806100
620541
581147
212753
510157
575529
597759
648802
35023
541996
462917
526480
633407
741153
607101
770725
436217
215870
888839
75504
937982
223886
266043
