660610
601929
121788
976924
404136
223202
419635
925603
421405
324137
152615
141433
200636
515539
884545
371120
165687
594762
272647
204578
376792
321788
273998
863747
875751
166170
961365
487065
134103
503920
640212
103171
600212
909820
696253
613157
944649
58219
826996
774698
183784
257380
423363
531750
84651
686477
860735
37796
851433
341550
527441
905696
261150
714623
35910
772580
642233
442366
139888
354813
196249
968086
679475
14304
514508
188659
169743
342438
779698
536548
498639
112510
205955
546748
845170
173178
890452
312483
448959
384366
858772
898949
890348
134310
765352
237638
484772
147146
835655
69180
820485
499582
463218
613707
156675
718350
528844
275341
812288
90715
596091
749185
742542
330326
492889
353515
748452
72753
629786
591651
